# JRE version: Java(TM) SE Runtime Environment (8.0_102-b14) (build 1.8.0_102-b14)
# Java VM: Java HotSpot(TM) 64-Bit Server VM (25.102-b14 mixed mode linux-amd64 compressed oops)
Heap:
 PSYoungGen      total 168448K, used 167378K [0x00000000f5580000, 0x0000000100000000, 0x0000000100000000)
  eden space 162304K, 100% used [0x00000000f5580000,0x00000000ff400000,0x00000000ff400000)
  from space 6144K, 82% used [0x00000000ff400000,0x00000000ff8f4ae0,0x00000000ffa00000)
  to   space 6144K, 0% used [0x00000000ffa00000,0x00000000ffa00000,0x0000000100000000)
 ParOldGen       total 349696K, used 190192K [0x00000000e0000000, 0x00000000f5580000, 0x00000000f5580000)
  object space 349696K, 54% used [0x00000000e0000000,0x00000000eb9bc018,0x00000000f5580000)
 Metaspace       used 79502K, capacity 80036K, committed 80856K, reserved 1118208K
  class space    used 10935K, capacity 11062K, committed 11264K, reserved 1048576K
GC Heap History (10 events):
Event: 2681.812 GC heap before
{Heap before GC invocations=2336 (full 5):
 PSYoungGen      total 168448K, used 167153K [0x00000000f5580000, 0x0000000100000000, 0x0000000100000000)
  eden space 162304K, 100% used [0x00000000f5580000,0x00000000ff400000,0x00000000ff400000)
  from space 6144K, 78% used [0x00000000ffa00000,0x00000000ffebc468,0x0000000100000000)
  to   space 6144K, 0% used [0x00000000ff400000,0x00000000ff400000,0x00000000ffa00000)
 ParOldGen       total 349696K, used 189464K [0x00000000e0000000, 0x00000000f5580000, 0x00000000f5580000)
  object space 349696K, 54% used [0x00000000e0000000,0x00000000eb906018,0x00000000f5580000)
 Metaspace       used 79502K, capacity 80036K, committed 80856K, reserved 1118208K
  class space    used 10935K, capacity 11062K, committed 11264K, reserved 1048576K
Event: 2681.819 GC heap after
Heap after GC invocations=2336 (full 5):
 PSYoungGen      total 168448K, used 5332K [0x00000000f5580000, 0x0000000100000000, 0x0000000100000000)
  eden space 162304K, 0% used [0x00000000f5580000,0x00000000f5580000,0x00000000ff400000)
  from space 6144K, 86% used [0x00000000ff400000,0x00000000ff935158,0x00000000ffa00000)
  to   space 6144K, 0% used [0x00000000ffa00000,0x00000000ffa00000,0x0000000100000000)
 ParOldGen       total 349696K, used 189600K [0x00000000e0000000, 0x00000000f5580000, 0x00000000f5580000)
  object space 349696K, 54% used [0x00000000e0000000,0x00000000eb928018,0x00000000f5580000)
 Metaspace       used 79502K, capacity 80036K, committed 80856K, reserved 1118208K
  class space    used 10935K, capacity 11062K, committed 11264K, reserved 1048576K
}
Event: 2682.053 GC heap before
{Heap before GC invocations=2337 (full 5):
 PSYoungGen      total 168448K, used 167636K [0x00000000f5580000, 0x0000000100000000, 0x0000000100000000)
  eden space 162304K, 100% used [0x00000000f5580000,0x00000000ff400000,0x00000000ff400000)
  from space 6144K, 86% used [0x00000000ff400000,0x00000000ff935158,0x00000000ffa00000)
  to   space 6144K, 0% used [0x00000000ffa00000,0x00000000ffa00000,0x0000000100000000)
 ParOldGen       total 349696K, used 189600K [0x00000000e0000000, 0x00000000f5580000, 0x00000000f5580000)
  object space 349696K, 54% used [0x00000000e0000000,0x00000000eb928018,0x00000000f5580000)
 Metaspace       used 79502K, capacity 80036K, committed 80856K, reserved 1118208K
  class space    used 10935K, capacity 11062K, committed 11264K, reserved 1048576K
Event: 2682.060 GC heap after
Heap after GC invocations=2337 (full 5):
 PSYoungGen      total 168448K, used 4788K [0x00000000f5580000, 0x0000000100000000, 0x0000000100000000)
  eden space 162304K, 0% used [0x00000000f5580000,0x00000000f5580000,0x00000000ff400000)
  from space 6144K, 77% used [0x00000000ffa00000,0x00000000ffead158,0x0000000100000000)
  to   space 6144K, 0% used [0x00000000ff400000,0x00000000ff400000,0x00000000ffa00000)
 ParOldGen       total 349696K, used 189800K [0x00000000e0000000, 0x00000000f5580000, 0x00000000f5580000)
  object space 349696K, 54% used [0x00000000e0000000,0x00000000eb95a018,0x00000000f5580000)
 Metaspace       used 79502K, capacity 80036K, committed 80856K, reserved 1118208K
  class space    used 10935K, capacity 11062K, committed 11264K, reserved 1048576K
}
Event: 2682.357 GC heap before
{Heap before GC invocations=2338 (full 5):
 PSYoungGen      total 168448K, used 167092K [0x00000000f5580000, 0x0000000100000000, 0x0000000100000000)
  eden space 162304K, 100% used [0x00000000f5580000,0x00000000ff400000,0x00000000ff400000)
  from space 6144K, 77% used [0x00000000ffa00000,0x00000000ffead158,0x0000000100000000)
  to   space 6144K, 0% used [0x00000000ff400000,0x00000000ff400000,0x00000000ffa00000)
 ParOldGen       total 349696K, used 189800K [0x00000000e0000000, 0x00000000f5580000, 0x00000000f5580000)
  object space 349696K, 54% used [0x00000000e0000000,0x00000000eb95a018,0x00000000f5580000)
 Metaspace       used 79502K, capacity 80036K, committed 80856K, reserved 1118208K
  class space    used 10935K, capacity 11062K, committed 11264K, reserved 1048576K
Event: 2682.364 GC heap after
Heap after GC invocations=2338 (full 5):
 PSYoungGen      total 168448K, used 4914K [0x00000000f5580000, 0x0000000100000000, 0x0000000100000000)
  eden space 162304K, 0% used [0x00000000f5580000,0x00000000f5580000,0x00000000ff400000)
  from space 6144K, 79% used [0x00000000ff400000,0x00000000ff8ccae0,0x00000000ffa00000)
  to   space 6144K, 0% used [0x00000000ffa00000,0x00000000ffa00000,0x0000000100000000)
 ParOldGen       total 349696K, used 189968K [0x00000000e0000000, 0x00000000f5580000, 0x00000000f5580000)
  object space 349696K, 54% used [0x00000000e0000000,0x00000000eb984018,0x00000000f5580000)
 Metaspace       used 79502K, capacity 80036K, committed 80856K, reserved 1118208K
  class space    used 10935K, capacity 11062K, committed 11264K, reserved 1048576K
}
Event: 2682.612 GC heap before
{Heap before GC invocations=2339 (full 5):
 PSYoungGen      total 168448K, used 167218K [0x00000000f5580000, 0x0000000100000000, 0x0000000100000000)
  eden space 162304K, 100% used [0x00000000f5580000,0x00000000ff400000,0x00000000ff400000)
  from space 6144K, 79% used [0x00000000ff400000,0x00000000ff8ccae0,0x00000000ffa00000)
  to   space 6144K, 0% used [0x00000000ffa00000,0x00000000ffa00000,0x0000000100000000)
 ParOldGen       total 349696K, used 189968K [0x00000000e0000000, 0x00000000f5580000, 0x00000000f5580000)
  object space 349696K, 54% used [0x00000000e0000000,0x00000000eb984018,0x00000000f5580000)
 Metaspace       used 79502K, capacity 80036K, committed 80856K, reserved 1118208K
  class space    used 10935K, capacity 11062K, committed 11264K, reserved 1048576K
Event: 2682.618 GC heap after
Heap after GC invocations=2339 (full 5):
 PSYoungGen      total 168448K, used 4946K [0x00000000f5580000, 0x0000000100000000, 0x0000000100000000)
  eden space 162304K, 0% used [0x00000000f5580000,0x00000000f5580000,0x00000000ff400000)
  from space 6144K, 80% used [0x00000000ffa00000,0x00000000ffed4ae0,0x0000000100000000)
  to   space 6144K, 0% used [0x00000000ff400000,0x00000000ff400000,0x00000000ffa00000)
 ParOldGen       total 349696K, used 190096K [0x00000000e0000000, 0x00000000f5580000, 0x00000000f5580000)
  object space 349696K, 54% used [0x00000000e0000000,0x00000000eb9a4018,0x00000000f5580000)
 Metaspace       used 79502K, capacity 80036K, committed 80856K, reserved 1118208K
  class space    used 10935K, capacity 11062K, committed 11264K, reserved 1048576K
}
Event: 2682.871 GC heap before
{Heap before GC invocations=2340 (full 5):
 PSYoungGen      total 168448K, used 167250K [0x00000000f5580000, 0x0000000100000000, 0x0000000100000000)
  eden space 162304K, 100% used [0x00000000f5580000,0x00000000ff400000,0x00000000ff400000)
  from space 6144K, 80% used [0x00000000ffa00000,0x00000000ffed4ae0,0x0000000100000000)
  to   space 6144K, 0% used [0x00000000ff400000,0x00000000ff400000,0x00000000ffa00000)
 ParOldGen       total 349696K, used 190096K [0x00000000e0000000, 0x00000000f5580000, 0x00000000f5580000)
  object space 349696K, 54% used [0x00000000e0000000,0x00000000eb9a4018,0x00000000f5580000)
 Metaspace       used 79502K, capacity 80036K, committed 80856K, reserved 1118208K
  class space    used 10935K, capacity 11062K, committed 11264K, reserved 1048576K
Event: 2682.942 GC heap after
Heap after GC invocations=2340 (full 5):
 PSYoungGen      total 168448K, used 5074K [0x00000000f5580000, 0x0000000100000000, 0x0000000100000000)
  eden space 162304K, 0% used [0x00000000f5580000,0x00000000f5580000,0x00000000ff400000)
  from space 6144K, 82% used [0x00000000ff400000,0x00000000ff8f4ae0,0x00000000ffa00000)
  to   space 6144K, 0% used [0x00000000ffa00000,0x00000000ffa00000,0x0000000100000000)
 ParOldGen       total 349696K, used 190192K [0x00000000e0000000, 0x00000000f5580000, 0x00000000f5580000)
  object space 349696K, 54% used [0x00000000e0000000,0x00000000eb9bc018,0x00000000f5580000)
 Metaspace       used 79502K, capacity 80036K, committed 80856K, reserved 1118208K
  class space    used 10935K, capacity 11062K, committed 11264K, reserved 1048576K
}

